<?xml version="1.0" encoding="UTF-8"?>
<!-- Generated by org.testng.reporters.JUnitXMLReporter -->
<testsuite ignored="0" hostname="EGNEW1WLZ20249" failures="0" tests="4" name="Default test" time="11.391" errors="0" timestamp="2024-05-12T19:44:32 EET">
  <testcase classname="Tests.TestAutomation" name="testLogin" time="0.883"/>
  <testcase classname="Tests.TestAutomation" name="testAddProductToCart" time="0.294"/>
  <testcase classname="Tests.TestAutomation" name="testProceedToCheckout" time="0.223"/>
  <testcase classname="Tests.TestAutomation" name="testFillCheckoutDetails" time="0.787"/>
</testsuite> <!-- Default test -->
