<?xml version="1.0" encoding="UTF-8"?>
<testng-results ignored="0" total="4" passed="4" failed="0" skipped="0">
  <reporter-output>
  </reporter-output>
  <suite started-at="2024-05-12T19:44:21 EET" name="Default suite" finished-at="2024-05-12T19:44:32 EET" duration-ms="11391">
    <groups>
    </groups>
    <test started-at="2024-05-12T19:44:21 EET" name="Default test" finished-at="2024-05-12T19:44:32 EET" duration-ms="11391">
      <class name="Tests.TestAutomation">
        <test-method is-config="true" signature="setup()[pri:0, instance:Tests.TestAutomation@1f6c9cd8]" started-at="2024-05-12T19:44:21 EET" name="setup" finished-at="2024-05-12T19:44:29 EET" duration-ms="7769" status="PASS">
          <reporter-output>
          </reporter-output>
        </test-method> <!-- setup -->
        <test-method signature="testLogin()[pri:0, instance:Tests.TestAutomation@1f6c9cd8]" started-at="2024-05-12T19:44:29 EET" name="testLogin" description="Login Test" finished-at="2024-05-12T19:44:30 EET" duration-ms="883" status="PASS">
          <reporter-output>
          </reporter-output>
        </test-method> <!-- testLogin -->
        <test-method is-config="true" signature="afterMethod(org.testng.ITestResult)[pri:0, instance:Tests.TestAutomation@1f6c9cd8]" started-at="2024-05-12T19:44:30 EET" name="afterMethod" finished-at="2024-05-12T19:44:30 EET" duration-ms="4" status="PASS">
          <params>
            <param index="0">
              <value>
                <![CDATA[[TestResult name=testLogin status=SUCCESS method=TestAutomation.testLogin()[pri:0, instance:Tests.TestAutomation@1f6c9cd8] output={null}]]]>
              </value>
            </param>
          </params>
          <reporter-output>
          </reporter-output>
        </test-method> <!-- afterMethod -->
        <test-method signature="testAddProductToCart()[pri:0, instance:Tests.TestAutomation@1f6c9cd8]" started-at="2024-05-12T19:44:30 EET" name="testAddProductToCart" description="Add Product to Cart Test" finished-at="2024-05-12T19:44:30 EET" depends-on-methods="Tests.TestAutomation.testLogin" duration-ms="294" status="PASS">
          <reporter-output>
          </reporter-output>
        </test-method> <!-- testAddProductToCart -->
        <test-method is-config="true" signature="afterMethod(org.testng.ITestResult)[pri:0, instance:Tests.TestAutomation@1f6c9cd8]" started-at="2024-05-12T19:44:30 EET" name="afterMethod" finished-at="2024-05-12T19:44:30 EET" duration-ms="1" status="PASS">
          <params>
            <param index="0">
              <value>
                <![CDATA[[TestResult name=testAddProductToCart status=SUCCESS method=TestAutomation.testAddProductToCart()[pri:0, instance:Tests.TestAutomation@1f6c9cd8] output={null}]]]>
              </value>
            </param>
          </params>
          <reporter-output>
          </reporter-output>
        </test-method> <!-- afterMethod -->
        <test-method signature="testProceedToCheckout()[pri:0, instance:Tests.TestAutomation@1f6c9cd8]" started-at="2024-05-12T19:44:30 EET" name="testProceedToCheckout" description="Proceed to Checkout Test" finished-at="2024-05-12T19:44:30 EET" depends-on-methods="Tests.TestAutomation.testAddProductToCart" duration-ms="223" status="PASS">
          <reporter-output>
          </reporter-output>
        </test-method> <!-- testProceedToCheckout -->
        <test-method is-config="true" signature="afterMethod(org.testng.ITestResult)[pri:0, instance:Tests.TestAutomation@1f6c9cd8]" started-at="2024-05-12T19:44:30 EET" name="afterMethod" finished-at="2024-05-12T19:44:30 EET" duration-ms="1" status="PASS">
          <params>
            <param index="0">
              <value>
                <![CDATA[[TestResult name=testProceedToCheckout status=SUCCESS method=TestAutomation.testProceedToCheckout()[pri:0, instance:Tests.TestAutomation@1f6c9cd8] output={null}]]]>
              </value>
            </param>
          </params>
          <reporter-output>
          </reporter-output>
        </test-method> <!-- afterMethod -->
        <test-method signature="testFillCheckoutDetails()[pri:0, instance:Tests.TestAutomation@1f6c9cd8]" started-at="2024-05-12T19:44:30 EET" name="testFillCheckoutDetails" description="Fill Checkout Details Test" finished-at="2024-05-12T19:44:31 EET" depends-on-methods="Tests.TestAutomation.testProceedToCheckout" duration-ms="787" status="PASS">
          <reporter-output>
          </reporter-output>
        </test-method> <!-- testFillCheckoutDetails -->
        <test-method is-config="true" signature="afterMethod(org.testng.ITestResult)[pri:0, instance:Tests.TestAutomation@1f6c9cd8]" started-at="2024-05-12T19:44:31 EET" name="afterMethod" finished-at="2024-05-12T19:44:31 EET" duration-ms="1" status="PASS">
          <params>
            <param index="0">
              <value>
                <![CDATA[[TestResult name=testFillCheckoutDetails status=SUCCESS method=TestAutomation.testFillCheckoutDetails()[pri:0, instance:Tests.TestAutomation@1f6c9cd8] output={null}]]]>
              </value>
            </param>
          </params>
          <reporter-output>
          </reporter-output>
        </test-method> <!-- afterMethod -->
        <test-method is-config="true" signature="teardown()[pri:0, instance:Tests.TestAutomation@1f6c9cd8]" started-at="2024-05-12T19:44:31 EET" name="teardown" finished-at="2024-05-12T19:44:32 EET" duration-ms="1055" status="PASS">
          <reporter-output>
          </reporter-output>
        </test-method> <!-- teardown -->
        <test-method is-config="true" signature="generateAllureReport()[pri:0, instance:Tests.TestAutomation@1f6c9cd8]" started-at="2024-05-12T19:44:32 EET" name="generateAllureReport" finished-at="2024-05-12T19:44:32 EET" duration-ms="14" status="PASS">
          <reporter-output>
          </reporter-output>
        </test-method> <!-- generateAllureReport -->
      </class> <!-- Tests.TestAutomation -->
    </test> <!-- Default test -->
  </suite> <!-- Default suite -->
</testng-results>
